app/build/intermediates/manifest_merge_blame_file/debug/manifest-merger-blame-debug-report.txt
1<?xml version="1.0" encoding="utf-8"?>
2<manifest xmlns:android="http://schemas.android.com/apk/res/android"
3    package="org.tensorflow.lite.examples.posenet"
4    android:versionCode="1"
5    android:versionName="1.0" >
6
7    <uses-sdk
7-->src\main\AndroidManifest.xml:12:3-15
8        android:minSdkVersion="21"
8-->src\main\AndroidManifest.xml:12:3-15
9        android:targetSdkVersion="19" />
9-->src\main\AndroidManifest.xml:12:3-15
10
11    <uses-permission android:name="android.permission.CAMERA" />
11-->src\main\AndroidManifest.xml:5:3-62
11-->src\main\AndroidManifest.xml:5:20-60
12    <uses-permission android:name="android.permission.INTERNET" />
12-->src\main\AndroidManifest.xml:6:3-65
12-->src\main\AndroidManifest.xml:6:20-62
13    <uses-permission android:name="android.permission.WRITE_EXTERNAL_STORAGE" />
13-->src\main\AndroidManifest.xml:7:3-79
13-->src\main\AndroidManifest.xml:7:20-76
14
15    <uses-feature android:name="android.hardware.camera" />
15-->src\main\AndroidManifest.xml:9:3-58
15-->src\main\AndroidManifest.xml:9:17-55
16    <uses-feature android:name="android.hardware.camera.autofocus" />
16-->src\main\AndroidManifest.xml:10:3-68
16-->src\main\AndroidManifest.xml:10:17-65
17
18    <application
18-->src\main\AndroidManifest.xml:14:3-36:17
19        android:allowBackup="true"
19-->src\main\AndroidManifest.xml:15:7-33
20        android:appComponentFactory="androidx.core.app.CoreComponentFactory"
20-->[androidx.core:core:1.2.0] AndroidManifest.xml:24:18-86
21        android:debuggable="true"
22        android:icon="@mipmap/ic_launcher"
22-->src\main\AndroidManifest.xml:16:7-41
23        android:label="@string/tfe_pn_app_name"
23-->src\main\AndroidManifest.xml:17:7-46
24        android:roundIcon="@mipmap/ic_launcher_round"
24-->src\main\AndroidManifest.xml:18:7-52
25        android:supportsRtl="true"
25-->src\main\AndroidManifest.xml:19:7-33
26        android:testOnly="true"
27        android:theme="@style/AppTheme.Posenet"
27-->src\main\AndroidManifest.xml:20:7-46
28        android:usesCleartextTraffic="true" >
28-->src\main\AndroidManifest.xml:21:7-42
29        <activity
29-->src\main\AndroidManifest.xml:23:5-27:16
30            android:name="org.tensorflow.lite.examples.posenet.TestActivity"
30-->src\main\AndroidManifest.xml:24:9-37
31            android:exported="true"
31-->src\main\AndroidManifest.xml:26:9-32
32            android:label="@string/tfe_pn_app_name" >
32-->src\main\AndroidManifest.xml:25:9-48
33        </activity>
34        <activity
34-->src\main\AndroidManifest.xml:29:5-34:16
35            android:name="org.tensorflow.lite.examples.posenet.CameraActivity"
35-->src\main\AndroidManifest.xml:29:15-45
36            android:exported="true" >
36-->src\main\AndroidManifest.xml:29:46-69
37            <intent-filter>
37-->src\main\AndroidManifest.xml:30:7-33:23
38                <action android:name="android.intent.action.MAIN" />
38-->src\main\AndroidManifest.xml:31:9-60
38-->src\main\AndroidManifest.xml:31:17-58
39
40                <category android:name="android.intent.category.LAUNCHER" />
40-->src\main\AndroidManifest.xml:32:9-68
40-->src\main\AndroidManifest.xml:32:19-66
41            </intent-filter>
42        </activity>
43    </application>
44
45</manifest>